<?xml version="1.0" encoding="UTF-8"?>
<!-- Generated by org.testng.reporters.JUnitXMLReporter -->
<testsuite hostname="DESKTOP-76BMBH5" name="Employee_Reward_System_Test_Cases" tests="11" failures="0" timestamp="16 Jun 2023 02:27:22 GMT" time="38.126" errors="0">
  <testcase name="loginPageTitleTest" time="0.013" classname="com.qa.testcases.LoginPageTest"/>
  <testcase name="loginPageLogoTest" time="0.126" classname="com.qa.testcases.LoginPageTest"/>
  <testcase name="loginTest" time="0.953" classname="com.qa.testcases.LoginPageTest"/>
  <testcase name="homePageTitleTest" time="0.027" classname="com.qa.testcases.HomePageTest"/>
  <testcase name="homePageLogoTest" time="0.146" classname="com.qa.testcases.HomePageTest"/>
  <testcase name="validateManuListTest" time="0.035" classname="com.qa.testcases.HomePageTest"/>
  <testcase name="validateUserNameTest" time="0.225" classname="com.qa.testcases.HomePageTest"/>
  <testcase name="EmployeesLinkTest" time="0.398" classname="com.qa.testcases.HomePageTest"/>
  <testcase name="JobRoleLinkTest" time="0.492" classname="com.qa.testcases.HomePageTest"/>
  <testcase name="RewardLinkTest" time="0.318" classname="com.qa.testcases.HomePageTest"/>
  <testcase name="dasbordLinkTest" time="0.245" classname="com.qa.testcases.HomePageTest"/>
</testsuite> <!-- Employee_Reward_System_Test_Cases -->
