<?xml version="1.0" encoding="UTF-8"?>
<!-- Generated by org.testng.reporters.JUnitXMLReporter -->
<testsuite hostname="DESKTOP-76BMBH5" name="Employee_Reward_System_Test_Cases" tests="11" failures="0" timestamp="19 Jun 2023 19:20:22 GMT" time="40.15" errors="0">
  <testcase name="loginPageTitleTest" time="0.016" classname="com.qa.testcases.LoginPageTest"/>
  <testcase name="loginPageLogoTest" time="0.155" classname="com.qa.testcases.LoginPageTest"/>
  <testcase name="loginTest" time="0.853" classname="com.qa.testcases.LoginPageTest"/>
  <testcase name="homePageTitleTest" time="0.013" classname="com.qa.testcases.HomePageTest"/>
  <testcase name="homePageLogoTest" time="0.318" classname="com.qa.testcases.HomePageTest"/>
  <testcase name="validateManuListTest" time="0.031" classname="com.qa.testcases.HomePageTest"/>
  <testcase name="validateUserNameTest" time="0.214" classname="com.qa.testcases.HomePageTest"/>
  <testcase name="EmployeesLinkTest" time="0.642" classname="com.qa.testcases.HomePageTest"/>
  <testcase name="JobRoleLinkTest" time="0.405" classname="com.qa.testcases.HomePageTest"/>
  <testcase name="RewardLinkTest" time="0.373" classname="com.qa.testcases.HomePageTest"/>
  <testcase name="dasbordLinkTest" time="0.282" classname="com.qa.testcases.HomePageTest"/>
</testsuite> <!-- Employee_Reward_System_Test_Cases -->
