<?xml version="1.0" encoding="UTF-8"?>
<!-- Generated by org.testng.reporters.JUnitXMLReporter -->
<testsuite hostname="DESKTOP-76BMBH5" name="Default test" tests="3" failures="0" timestamp="19 Jun 2023 19:27:07 GMT" time="10.115" errors="0">
  <testcase name="loginPageTitleTest" time="0.017" classname="com.qa.testcases.LoginPageTest"/>
  <testcase name="loginPageLogoTest" time="0.154" classname="com.qa.testcases.LoginPageTest"/>
  <testcase name="loginTest" time="0.682" classname="com.qa.testcases.LoginPageTest"/>
</testsuite> <!-- Default test -->
