<?xml version="1.0" encoding="UTF-8"?>
<!-- Generated by org.testng.reporters.JUnitXMLReporter -->
<testsuite hostname="DESKTOP-76BMBH5" name="Default test" tests="3" failures="0" timestamp="16 Jun 2023 02:24:38 GMT" time="9.586" errors="0">
  <testcase name="loginPageTitleTest" time="0.02" classname="com.qa.testcases.LoginPageTest"/>
  <testcase name="loginPageLogoTest" time="0.147" classname="com.qa.testcases.LoginPageTest"/>
  <testcase name="loginTest" time="0.857" classname="com.qa.testcases.LoginPageTest"/>
</testsuite> <!-- Default test -->
