<?xml version="1.0" encoding="UTF-8"?>
<!-- Generated by org.testng.reporters.JUnitXMLReporter -->
<testsuite hostname="DESKTOP-76BMBH5" ignored="0" name="Command line test" tests="27" failures="0" timestamp="19 Jun 2023 19:18:31 GMT" time="110.482" errors="0">
  <testcase name="employeePageTitleTest" time="0.024" classname="com.qa.testcases.EmployeePageTest"/>
  <testcase name="homePageTitleTest" time="0.173" classname="com.qa.testcases.HomePageTest"/>
  <testcase name="jobRolePageTitleTest" time="0.022" classname="com.qa.testcases.JobRolePageTest"/>
  <testcase name="loginPageTitleTest" time="0.008" classname="com.qa.testcases.LoginPageTest"/>
  <testcase name="rewardPageTitleTest" time="0.008" classname="com.qa.testcases.RewardPageTest"/>
  <testcase name="employeePageLableTest" time="0.071" classname="com.qa.testcases.EmployeePageTest"/>
  <testcase name="employeePageLogoTest" time="0.184" classname="com.qa.testcases.EmployeePageTest"/>
  <testcase name="validateManuListTest" time="0.031" classname="com.qa.testcases.EmployeePageTest"/>
  <testcase name="homePageLogoTest" time="0.148" classname="com.qa.testcases.HomePageTest"/>
  <testcase name="validateManuListTest" time="0.04" classname="com.qa.testcases.HomePageTest"/>
  <testcase name="validateUserNameTest" time="0.08" classname="com.qa.testcases.HomePageTest"/>
  <testcase name="jobRolePageLableTest" time="0.061" classname="com.qa.testcases.JobRolePageTest"/>
  <testcase name="jobRolePageLogoTest" time="0.131" classname="com.qa.testcases.JobRolePageTest"/>
  <testcase name="validateManuListTest" time="0.027" classname="com.qa.testcases.JobRolePageTest"/>
  <testcase name="loginPageLogoTest" time="0.072" classname="com.qa.testcases.LoginPageTest"/>
  <testcase name="rewardPageLableTest" time="0.049" classname="com.qa.testcases.RewardPageTest"/>
  <testcase name="rewardPageLogoTest" time="0.112" classname="com.qa.testcases.RewardPageTest"/>
  <testcase name="saveEmployeeTest" time="0.0" classname="com.qa.testcases.EmployeePageTest"/>
  <testcase name="saveEmployeeTest" time="0.0" classname="com.qa.testcases.EmployeePageTest"/>
  <testcase name="saveEmployeeTest" time="0.001" classname="com.qa.testcases.EmployeePageTest"/>
  <testcase name="EmployeesLinkTest" time="0.533" classname="com.qa.testcases.HomePageTest"/>
  <testcase name="JobRoleLinkTest" time="0.704" classname="com.qa.testcases.HomePageTest"/>
  <testcase name="RewardLinkTest" time="0.376" classname="com.qa.testcases.HomePageTest"/>
  <testcase name="dasbordLinkTest" time="0.262" classname="com.qa.testcases.HomePageTest"/>
  <testcase name="saveJovRoleTest" time="0.987" classname="com.qa.testcases.JobRolePageTest"/>
  <testcase name="loginTest" time="0.674" classname="com.qa.testcases.LoginPageTest"/>
  <testcase name="validateManuListTest" time="0.035" classname="com.qa.testcases.RewardPageTest"/>
</testsuite> <!-- Command line test -->
