<?xml version="1.0" encoding="UTF-8"?>
<!-- Generated by org.testng.reporters.JUnitXMLReporter -->
<testsuite hostname="DESKTOP-76BMBH5" ignored="0" name="Command line test" tests="27" failures="0" timestamp="16 Jun 2023 21:26:53 GMT" time="80.793" errors="0">
  <testcase name="employeePageTitleTest" time="0.007" classname="com.qa.testcases.EmployeePageTest"/>
  <testcase name="homePageTitleTest" time="0.007" classname="com.qa.testcases.HomePageTest"/>
  <testcase name="jobRolePageTitleTest" time="0.005" classname="com.qa.testcases.JobRolePageTest"/>
  <testcase name="loginPageTitleTest" time="0.005" classname="com.qa.testcases.LoginPageTest"/>
  <testcase name="rewardPageTitleTest" time="0.012" classname="com.qa.testcases.RewardPageTest"/>
  <testcase name="employeePageLableTest" time="0.038" classname="com.qa.testcases.EmployeePageTest"/>
  <testcase name="employeePageLogoTest" time="0.105" classname="com.qa.testcases.EmployeePageTest"/>
  <testcase name="validateManuListTest" time="0.031" classname="com.qa.testcases.EmployeePageTest"/>
  <testcase name="homePageLogoTest" time="0.097" classname="com.qa.testcases.HomePageTest"/>
  <testcase name="validateManuListTest" time="0.02" classname="com.qa.testcases.HomePageTest"/>
  <testcase name="validateUserNameTest" time="0.06" classname="com.qa.testcases.HomePageTest"/>
  <testcase name="jobRolePageLableTest" time="0.03" classname="com.qa.testcases.JobRolePageTest"/>
  <testcase name="jobRolePageLogoTest" time="0.111" classname="com.qa.testcases.JobRolePageTest"/>
  <testcase name="validateManuListTest" time="0.031" classname="com.qa.testcases.JobRolePageTest"/>
  <testcase name="loginPageLogoTest" time="0.068" classname="com.qa.testcases.LoginPageTest"/>
  <testcase name="rewardPageLableTest" time="0.04" classname="com.qa.testcases.RewardPageTest"/>
  <testcase name="rewardPageLogoTest" time="0.083" classname="com.qa.testcases.RewardPageTest"/>
  <testcase name="saveEmployeeTest" time="0.0" classname="com.qa.testcases.EmployeePageTest"/>
  <testcase name="saveEmployeeTest" time="0.0" classname="com.qa.testcases.EmployeePageTest"/>
  <testcase name="saveEmployeeTest" time="0.001" classname="com.qa.testcases.EmployeePageTest"/>
  <testcase name="EmployeesLinkTest" time="0.258" classname="com.qa.testcases.HomePageTest"/>
  <testcase name="JobRoleLinkTest" time="0.233" classname="com.qa.testcases.HomePageTest"/>
  <testcase name="RewardLinkTest" time="0.222" classname="com.qa.testcases.HomePageTest"/>
  <testcase name="dasbordLinkTest" time="0.169" classname="com.qa.testcases.HomePageTest"/>
  <testcase name="saveJovRoleTest" time="0.648" classname="com.qa.testcases.JobRolePageTest"/>
  <testcase name="loginTest" time="0.469" classname="com.qa.testcases.LoginPageTest"/>
  <testcase name="validateManuListTest" time="0.04" classname="com.qa.testcases.RewardPageTest"/>
</testsuite> <!-- Command line test -->
