<?xml version="1.0" encoding="UTF-8"?>
<!-- Generated by org.testng.reporters.JUnitXMLReporter -->
<testsuite hostname="DESKTOP-76BMBH5" name="Employee_Reward_System_Test_Cases" tests="27" failures="0" timestamp="16 Jun 2023 02:30:09 GMT" time="100.828" errors="0">
  <testcase name="employeePageTitleTest" time="0.016" classname="com.qa.testcases.EmployeePageTest"/>
  <testcase name="employeePageLableTest" time="0.06" classname="com.qa.testcases.EmployeePageTest"/>
  <testcase name="employeePageLogoTest" time="0.125" classname="com.qa.testcases.EmployeePageTest"/>
  <testcase name="validateManuListTest" time="0.035" classname="com.qa.testcases.EmployeePageTest"/>
  <testcase name="saveEmployeeTest" time="0.001" classname="com.qa.testcases.EmployeePageTest"/>
  <testcase name="saveEmployeeTest" time="0.0" classname="com.qa.testcases.EmployeePageTest"/>
  <testcase name="saveEmployeeTest" time="0.0" classname="com.qa.testcases.EmployeePageTest"/>
  <testcase name="homePageTitleTest" time="0.007" classname="com.qa.testcases.HomePageTest"/>
  <testcase name="homePageLogoTest" time="0.109" classname="com.qa.testcases.HomePageTest"/>
  <testcase name="validateManuListTest" time="0.04" classname="com.qa.testcases.HomePageTest"/>
  <testcase name="validateUserNameTest" time="0.076" classname="com.qa.testcases.HomePageTest"/>
  <testcase name="EmployeesLinkTest" time="0.555" classname="com.qa.testcases.HomePageTest"/>
  <testcase name="JobRoleLinkTest" time="0.348" classname="com.qa.testcases.HomePageTest"/>
  <testcase name="RewardLinkTest" time="0.312" classname="com.qa.testcases.HomePageTest"/>
  <testcase name="dasbordLinkTest" time="0.409" classname="com.qa.testcases.HomePageTest"/>
  <testcase name="jobRolePageTitleTest" time="0.024" classname="com.qa.testcases.JobRolePageTest"/>
  <testcase name="jobRolePageLableTest" time="0.045" classname="com.qa.testcases.JobRolePageTest"/>
  <testcase name="jobRolePageLogoTest" time="0.124" classname="com.qa.testcases.JobRolePageTest"/>
  <testcase name="validateManuListTest" time="0.036" classname="com.qa.testcases.JobRolePageTest"/>
  <testcase name="saveJovRoleTest" time="0.924" classname="com.qa.testcases.JobRolePageTest"/>
  <testcase name="loginPageTitleTest" time="0.009" classname="com.qa.testcases.LoginPageTest"/>
  <testcase name="loginPageLogoTest" time="0.138" classname="com.qa.testcases.LoginPageTest"/>
  <testcase name="loginTest" time="0.623" classname="com.qa.testcases.LoginPageTest"/>
  <testcase name="rewardPageTitleTest" time="0.006" classname="com.qa.testcases.RewardPageTest"/>
  <testcase name="rewardPageLableTest" time="0.048" classname="com.qa.testcases.RewardPageTest"/>
  <testcase name="rewardPageLogoTest" time="0.127" classname="com.qa.testcases.RewardPageTest"/>
  <testcase name="validateManuListTest" time="0.037" classname="com.qa.testcases.RewardPageTest"/>
</testsuite> <!-- Employee_Reward_System_Test_Cases -->
