<?xml version="1.0" encoding="UTF-8"?>
<testsuite name="TestSuite" time="2.789" tests="27" errors="0" skipped="0" failures="0">
  <properties>
[...]
</properties>
  <testcase name="employeePageTitleTest" classname="com.qa.testcases.EmployeePageTest" time="0.007"/>
  <testcase name="homePageTitleTest" classname="com.qa.testcases.HomePageTest" time="0.007"/>
  <testcase name="jobRolePageTitleTest" classname="com.qa.testcases.JobRolePageTest" time="0.005"/>
  <testcase name="loginPageTitleTest" classname="com.qa.testcases.LoginPageTest" time="0.005"/>
  <testcase name="rewardPageTitleTest" classname="com.qa.testcases.RewardPageTest" time="0.012"/>
  <testcase name="employeePageLableTest" classname="com.qa.testcases.EmployeePageTest" time="0.038"/>
  <testcase name="employeePageLogoTest" classname="com.qa.testcases.EmployeePageTest" time="0.105"/>
  <testcase name="validateManuListTest" classname="com.qa.testcases.EmployeePageTest" time="0.031"/>
  <testcase name="homePageLogoTest" classname="com.qa.testcases.HomePageTest" time="0.097"/>
  <testcase name="validateManuListTest" classname="com.qa.testcases.HomePageTest" time="0.019"/>
  <testcase name="validateUserNameTest" classname="com.qa.testcases.HomePageTest" time="0.059"/>
  <testcase name="jobRolePageLableTest" classname="com.qa.testcases.JobRolePageTest" time="0.029"/>
  <testcase name="jobRolePageLogoTest" classname="com.qa.testcases.JobRolePageTest" time="0.11"/>
  <testcase name="validateManuListTest" classname="com.qa.testcases.JobRolePageTest" time="0.031"/>
  <testcase name="loginPageLogoTest" classname="com.qa.testcases.LoginPageTest" time="0.068"/>
  <testcase name="rewardPageLableTest" classname="com.qa.testcases.RewardPageTest" time="0.04"/>
  <testcase name="rewardPageLogoTest" classname="com.qa.testcases.RewardPageTest" time="0.083"/>
  <testcase name="saveEmployeeTest" classname="com.qa.testcases.EmployeePageTest" time="0"/>
  <testcase name="saveEmployeeTest" classname="com.qa.testcases.EmployeePageTest" time="0.001"/>
  <testcase name="saveEmployeeTest" classname="com.qa.testcases.EmployeePageTest" time="0"/>
  <testcase name="EmployeesLinkTest" classname="com.qa.testcases.HomePageTest" time="0.259"/>
  <testcase name="JobRoleLinkTest" classname="com.qa.testcases.HomePageTest" time="0.233"/>
  <testcase name="RewardLinkTest" classname="com.qa.testcases.HomePageTest" time="0.222"/>
  <testcase name="dasbordLinkTest" classname="com.qa.testcases.HomePageTest" time="0.169"/>
  <testcase name="saveJovRoleTest" classname="com.qa.testcases.JobRolePageTest" time="0.649"/>
  <testcase name="loginTest" classname="com.qa.testcases.LoginPageTest" time="0.47"/>
  <testcase name="validateManuListTest" classname="com.qa.testcases.RewardPageTest" time="0.04"/>
</testsuite>