<?xml version="1.0" encoding="UTF-8"?>
<testsuite name="TestSuite" time="4.816" tests="27" errors="0" skipped="0" failures="0">
  <properties>
[...]
</properties>
  <testcase name="employeePageTitleTest" classname="com.qa.testcases.EmployeePageTest" time="0.025"/>
  <testcase name="homePageTitleTest" classname="com.qa.testcases.HomePageTest" time="0.172"/>
  <testcase name="jobRolePageTitleTest" classname="com.qa.testcases.JobRolePageTest" time="0.023"/>
  <testcase name="loginPageTitleTest" classname="com.qa.testcases.LoginPageTest" time="0.008"/>
  <testcase name="rewardPageTitleTest" classname="com.qa.testcases.RewardPageTest" time="0.008"/>
  <testcase name="employeePageLableTest" classname="com.qa.testcases.EmployeePageTest" time="0.071"/>
  <testcase name="employeePageLogoTest" classname="com.qa.testcases.EmployeePageTest" time="0.184"/>
  <testcase name="validateManuListTest" classname="com.qa.testcases.EmployeePageTest" time="0.031"/>
  <testcase name="homePageLogoTest" classname="com.qa.testcases.HomePageTest" time="0.148"/>
  <testcase name="validateManuListTest" classname="com.qa.testcases.HomePageTest" time="0.04"/>
  <testcase name="validateUserNameTest" classname="com.qa.testcases.HomePageTest" time="0.08"/>
  <testcase name="jobRolePageLableTest" classname="com.qa.testcases.JobRolePageTest" time="0.061"/>
  <testcase name="jobRolePageLogoTest" classname="com.qa.testcases.JobRolePageTest" time="0.131"/>
  <testcase name="validateManuListTest" classname="com.qa.testcases.JobRolePageTest" time="0.027"/>
  <testcase name="loginPageLogoTest" classname="com.qa.testcases.LoginPageTest" time="0.072"/>
  <testcase name="rewardPageLableTest" classname="com.qa.testcases.RewardPageTest" time="0.049"/>
  <testcase name="rewardPageLogoTest" classname="com.qa.testcases.RewardPageTest" time="0.112"/>
  <testcase name="saveEmployeeTest" classname="com.qa.testcases.EmployeePageTest" time="0"/>
  <testcase name="saveEmployeeTest" classname="com.qa.testcases.EmployeePageTest" time="0.001"/>
  <testcase name="saveEmployeeTest" classname="com.qa.testcases.EmployeePageTest" time="0"/>
  <testcase name="EmployeesLinkTest" classname="com.qa.testcases.HomePageTest" time="0.533"/>
  <testcase name="JobRoleLinkTest" classname="com.qa.testcases.HomePageTest" time="0.705"/>
  <testcase name="RewardLinkTest" classname="com.qa.testcases.HomePageTest" time="0.376"/>
  <testcase name="dasbordLinkTest" classname="com.qa.testcases.HomePageTest" time="0.262"/>
  <testcase name="saveJovRoleTest" classname="com.qa.testcases.JobRolePageTest" time="0.988"/>
  <testcase name="loginTest" classname="com.qa.testcases.LoginPageTest" time="0.674"/>
  <testcase name="validateManuListTest" classname="com.qa.testcases.RewardPageTest" time="0.035"/>
</testsuite>