<?xml version="1.0" encoding="UTF-8"?>
<testng-results skipped="0" failed="0" ignored="0" total="27" passed="27">
  <reporter-output>
  </reporter-output>
  <suite name="Command line suite" duration-ms="110482" started-at="2023-06-19T19:16:41Z" finished-at="2023-06-19T19:18:31Z">
    <groups>
    </groups>
    <test name="Command line test" duration-ms="110482" started-at="2023-06-19T19:16:41Z" finished-at="2023-06-19T19:18:31Z">
      <class name="com.qa.testcases.JobRolePageTest">
        <test-method status="PASS" signature="setUp()[pri:0, instance:com.qa.testcases.JobRolePageTest@2f7a2457]" name="setUp" is-config="true" duration-ms="3281" started-at="2023-06-19T15:16:49Z" finished-at="2023-06-19T15:16:52Z">
          <reporter-output>
          </reporter-output>
        </test-method> <!-- setUp -->
        <test-method status="PASS" signature="jobRolePageTitleTest()[pri:1, instance:com.qa.testcases.JobRolePageTest@2f7a2457]" name="jobRolePageTitleTest" duration-ms="22" started-at="2023-06-19T15:16:52Z" finished-at="2023-06-19T15:16:53Z">
          <reporter-output>
          </reporter-output>
        </test-method> <!-- jobRolePageTitleTest -->
        <test-method status="PASS" signature="tearDown()[pri:0, instance:com.qa.testcases.JobRolePageTest@2f7a2457]" name="tearDown" is-config="true" duration-ms="686" started-at="2023-06-19T15:16:53Z" finished-at="2023-06-19T15:16:53Z">
          <reporter-output>
          </reporter-output>
        </test-method> <!-- tearDown -->
        <test-method status="PASS" signature="setUp()[pri:0, instance:com.qa.testcases.JobRolePageTest@2f7a2457]" name="setUp" is-config="true" duration-ms="3406" started-at="2023-06-19T15:17:25Z" finished-at="2023-06-19T15:17:28Z">
          <reporter-output>
          </reporter-output>
        </test-method> <!-- setUp -->
        <test-method status="PASS" signature="jobRolePageLableTest()[pri:2, instance:com.qa.testcases.JobRolePageTest@2f7a2457]" name="jobRolePageLableTest" duration-ms="61" started-at="2023-06-19T15:17:28Z" finished-at="2023-06-19T15:17:28Z">
          <reporter-output>
          </reporter-output>
        </test-method> <!-- jobRolePageLableTest -->
        <test-method status="PASS" signature="tearDown()[pri:0, instance:com.qa.testcases.JobRolePageTest@2f7a2457]" name="tearDown" is-config="true" duration-ms="712" started-at="2023-06-19T15:17:28Z" finished-at="2023-06-19T15:17:29Z">
          <reporter-output>
          </reporter-output>
        </test-method> <!-- tearDown -->
        <test-method status="PASS" signature="setUp()[pri:0, instance:com.qa.testcases.JobRolePageTest@2f7a2457]" name="setUp" is-config="true" duration-ms="3476" started-at="2023-06-19T15:17:29Z" finished-at="2023-06-19T15:17:32Z">
          <reporter-output>
          </reporter-output>
        </test-method> <!-- setUp -->
        <test-method status="PASS" signature="jobRolePageLogoTest()[pri:2, instance:com.qa.testcases.JobRolePageTest@2f7a2457]" name="jobRolePageLogoTest" duration-ms="131" started-at="2023-06-19T15:17:32Z" finished-at="2023-06-19T15:17:32Z">
          <reporter-output>
          </reporter-output>
        </test-method> <!-- jobRolePageLogoTest -->
        <test-method status="PASS" signature="tearDown()[pri:0, instance:com.qa.testcases.JobRolePageTest@2f7a2457]" name="tearDown" is-config="true" duration-ms="721" started-at="2023-06-19T15:17:32Z" finished-at="2023-06-19T15:17:33Z">
          <reporter-output>
          </reporter-output>
        </test-method> <!-- tearDown -->
        <test-method status="PASS" signature="setUp()[pri:0, instance:com.qa.testcases.JobRolePageTest@2f7a2457]" name="setUp" is-config="true" duration-ms="3281" started-at="2023-06-19T15:17:33Z" finished-at="2023-06-19T15:17:36Z">
          <reporter-output>
          </reporter-output>
        </test-method> <!-- setUp -->
        <test-method status="PASS" signature="validateManuListTest()[pri:2, instance:com.qa.testcases.JobRolePageTest@2f7a2457]" name="validateManuListTest" duration-ms="27" started-at="2023-06-19T15:17:36Z" finished-at="2023-06-19T15:17:36Z">
          <reporter-output>
          </reporter-output>
        </test-method> <!-- validateManuListTest -->
        <test-method status="PASS" signature="tearDown()[pri:0, instance:com.qa.testcases.JobRolePageTest@2f7a2457]" name="tearDown" is-config="true" duration-ms="746" started-at="2023-06-19T15:17:36Z" finished-at="2023-06-19T15:17:37Z">
          <reporter-output>
          </reporter-output>
        </test-method> <!-- tearDown -->
        <test-method status="PASS" signature="setUp()[pri:0, instance:com.qa.testcases.JobRolePageTest@2f7a2457]" name="setUp" is-config="true" duration-ms="3689" started-at="2023-06-19T15:18:18Z" finished-at="2023-06-19T15:18:22Z">
          <reporter-output>
          </reporter-output>
        </test-method> <!-- setUp -->
        <test-method status="PASS" signature="saveJovRoleTest()[pri:3, instance:com.qa.testcases.JobRolePageTest@2f7a2457]" name="saveJovRoleTest" duration-ms="987" started-at="2023-06-19T15:18:22Z" finished-at="2023-06-19T15:18:23Z">
          <reporter-output>
          </reporter-output>
        </test-method> <!-- saveJovRoleTest -->
        <test-method status="PASS" signature="tearDown()[pri:0, instance:com.qa.testcases.JobRolePageTest@2f7a2457]" name="tearDown" is-config="true" duration-ms="789" started-at="2023-06-19T15:18:23Z" finished-at="2023-06-19T15:18:23Z">
          <reporter-output>
          </reporter-output>
        </test-method> <!-- tearDown -->
      </class> <!-- com.qa.testcases.JobRolePageTest -->
      <class name="com.qa.testcases.EmployeePageTest">
        <test-method status="PASS" signature="setUp()[pri:0, instance:com.qa.testcases.EmployeePageTest@7f690630]" name="setUp" is-config="true" duration-ms="4353" started-at="2023-06-19T15:16:41Z" finished-at="2023-06-19T15:16:45Z">
          <reporter-output>
          </reporter-output>
        </test-method> <!-- setUp -->
        <test-method status="PASS" signature="employeePageTitleTest()[pri:1, instance:com.qa.testcases.EmployeePageTest@7f690630]" name="employeePageTitleTest" duration-ms="24" started-at="2023-06-19T15:16:45Z" finished-at="2023-06-19T15:16:45Z">
          <reporter-output>
          </reporter-output>
        </test-method> <!-- employeePageTitleTest -->
        <test-method status="PASS" signature="tearDown()[pri:0, instance:com.qa.testcases.EmployeePageTest@7f690630]" name="tearDown" is-config="true" duration-ms="690" started-at="2023-06-19T15:16:45Z" finished-at="2023-06-19T15:16:46Z">
          <reporter-output>
          </reporter-output>
        </test-method> <!-- tearDown -->
        <test-method status="PASS" signature="setUp()[pri:0, instance:com.qa.testcases.EmployeePageTest@7f690630]" name="setUp" is-config="true" duration-ms="3569" started-at="2023-06-19T15:17:00Z" finished-at="2023-06-19T15:17:03Z">
          <reporter-output>
          </reporter-output>
        </test-method> <!-- setUp -->
        <test-method status="PASS" signature="employeePageLableTest()[pri:2, instance:com.qa.testcases.EmployeePageTest@7f690630]" name="employeePageLableTest" duration-ms="71" started-at="2023-06-19T15:17:03Z" finished-at="2023-06-19T15:17:04Z">
          <reporter-output>
          </reporter-output>
        </test-method> <!-- employeePageLableTest -->
        <test-method status="PASS" signature="tearDown()[pri:0, instance:com.qa.testcases.EmployeePageTest@7f690630]" name="tearDown" is-config="true" duration-ms="692" started-at="2023-06-19T15:17:04Z" finished-at="2023-06-19T15:17:04Z">
          <reporter-output>
          </reporter-output>
        </test-method> <!-- tearDown -->
        <test-method status="PASS" signature="setUp()[pri:0, instance:com.qa.testcases.EmployeePageTest@7f690630]" name="setUp" is-config="true" duration-ms="3552" started-at="2023-06-19T15:17:04Z" finished-at="2023-06-19T15:17:08Z">
          <reporter-output>
          </reporter-output>
        </test-method> <!-- setUp -->
        <test-method status="PASS" signature="employeePageLogoTest()[pri:2, instance:com.qa.testcases.EmployeePageTest@7f690630]" name="employeePageLogoTest" duration-ms="184" started-at="2023-06-19T15:17:08Z" finished-at="2023-06-19T15:17:08Z">
          <reporter-output>
          </reporter-output>
        </test-method> <!-- employeePageLogoTest -->
        <test-method status="PASS" signature="tearDown()[pri:0, instance:com.qa.testcases.EmployeePageTest@7f690630]" name="tearDown" is-config="true" duration-ms="653" started-at="2023-06-19T15:17:08Z" finished-at="2023-06-19T15:17:09Z">
          <reporter-output>
          </reporter-output>
        </test-method> <!-- tearDown -->
        <test-method status="PASS" signature="setUp()[pri:0, instance:com.qa.testcases.EmployeePageTest@7f690630]" name="setUp" is-config="true" duration-ms="3749" started-at="2023-06-19T15:17:09Z" finished-at="2023-06-19T15:17:12Z">
          <reporter-output>
          </reporter-output>
        </test-method> <!-- setUp -->
        <test-method status="PASS" signature="validateManuListTest()[pri:2, instance:com.qa.testcases.EmployeePageTest@7f690630]" name="validateManuListTest" duration-ms="31" started-at="2023-06-19T15:17:12Z" finished-at="2023-06-19T15:17:12Z">
          <reporter-output>
          </reporter-output>
        </test-method> <!-- validateManuListTest -->
        <test-method status="PASS" signature="tearDown()[pri:0, instance:com.qa.testcases.EmployeePageTest@7f690630]" name="tearDown" is-config="true" duration-ms="651" started-at="2023-06-19T15:17:12Z" finished-at="2023-06-19T15:17:13Z">
          <reporter-output>
          </reporter-output>
        </test-method> <!-- tearDown -->
        <test-method status="PASS" signature="setUp()[pri:0, instance:com.qa.testcases.EmployeePageTest@7f690630]" name="setUp" is-config="true" duration-ms="3392" started-at="2023-06-19T15:17:49Z" finished-at="2023-06-19T15:17:52Z">
          <reporter-output>
          </reporter-output>
        </test-method> <!-- setUp -->
        <test-method status="PASS" signature="saveEmployeeTest(java.lang.String, java.lang.String, java.lang.String, java.lang.String, java.lang.String, java.lang.String, java.lang.String, java.lang.String, java.lang.String, java.lang.String, java.lang.String, java.lang.String)[pri:3, instance:com.qa.testcases.EmployeePageTest@7f690630]" name="saveEmployeeTest" duration-ms="0" started-at="2023-06-19T15:17:52Z" data-provider="getEmployeeData" finished-at="2023-06-19T15:17:52Z">
          <params>
            <param index="0">
              <value>
                <![CDATA[Steev]]>
              </value>
            </param>
            <param index="1">
              <value>
                <![CDATA[Java,MySql,JSON]]>
              </value>
            </param>
            <param index="2">
              <value>
                <![CDATA[C:/Users/mygoa/Desktop/java/My_Project/employeerewardsystem/src/main/resources/static/adminResources/image/face7.jpg]]>
              </value>
            </param>
            <param index="3">
              <value>
                <![CDATA[Java Developer]]>
              </value>
            </param>
            <param index="4">
              <value>
                <![CDATA[Male]]>
              </value>
            </param>
            <param index="5">
              <value>
                <![CDATA[Ontario]]>
              </value>
            </param>
            <param index="6">
              <value>
                <![CDATA[Ottawa]]>
              </value>
            </param>
            <param index="7">
              <value>
                <![CDATA[steev@gmail.com]]>
              </value>
            </param>
            <param index="8">
              <value>
                <![CDATA[1.23456789E9]]>
              </value>
            </param>
            <param index="9">
              <value>
                <![CDATA[2004-06-19]]>
              </value>
            </param>
            <param index="10">
              <value>
                <![CDATA[123345.0]]>
              </value>
            </param>
            <param index="11">
              <value>
                <![CDATA[Kings Street]]>
              </value>
            </param>
          </params>
          <reporter-output>
          </reporter-output>
        </test-method> <!-- saveEmployeeTest -->
        <test-method status="PASS" signature="tearDown()[pri:0, instance:com.qa.testcases.EmployeePageTest@7f690630]" name="tearDown" is-config="true" duration-ms="715" started-at="2023-06-19T15:17:52Z" finished-at="2023-06-19T15:17:53Z">
          <reporter-output>
          </reporter-output>
        </test-method> <!-- tearDown -->
        <test-method status="PASS" signature="setUp()[pri:0, instance:com.qa.testcases.EmployeePageTest@7f690630]" name="setUp" is-config="true" duration-ms="3498" started-at="2023-06-19T15:17:53Z" finished-at="2023-06-19T15:17:57Z">
          <reporter-output>
          </reporter-output>
        </test-method> <!-- setUp -->
        <test-method status="PASS" signature="saveEmployeeTest(java.lang.String, java.lang.String, java.lang.String, java.lang.String, java.lang.String, java.lang.String, java.lang.String, java.lang.String, java.lang.String, java.lang.String, java.lang.String, java.lang.String)[pri:3, instance:com.qa.testcases.EmployeePageTest@7f690630]" name="saveEmployeeTest" duration-ms="0" started-at="2023-06-19T15:17:57Z" data-provider="getEmployeeData" finished-at="2023-06-19T15:17:57Z">
          <params>
            <param index="0">
              <value>
                <![CDATA[Joen]]>
              </value>
            </param>
            <param index="1">
              <value>
                <![CDATA[Python,Anaconda,AI]]>
              </value>
            </param>
            <param index="2">
              <value>
                <![CDATA[C:/Users/mygoa/Desktop/java/My_Project/employeerewardsystem/src/main/resources/static/adminResources/image/female.jpeg]]>
              </value>
            </param>
            <param index="3">
              <value>
                <![CDATA[Python Developer]]>
              </value>
            </param>
            <param index="4">
              <value>
                <![CDATA[Female]]>
              </value>
            </param>
            <param index="5">
              <value>
                <![CDATA[Ontario]]>
              </value>
            </param>
            <param index="6">
              <value>
                <![CDATA[Mississauga]]>
              </value>
            </param>
            <param index="7">
              <value>
                <![CDATA[joen@gmail.com]]>
              </value>
            </param>
            <param index="8">
              <value>
                <![CDATA[3.565432345E9]]>
              </value>
            </param>
            <param index="9">
              <value>
                <![CDATA[1994-11-01]]>
              </value>
            </param>
            <param index="10">
              <value>
                <![CDATA[544321.0]]>
              </value>
            </param>
            <param index="11">
              <value>
                <![CDATA[Downs View Park]]>
              </value>
            </param>
          </params>
          <reporter-output>
          </reporter-output>
        </test-method> <!-- saveEmployeeTest -->
        <test-method status="PASS" signature="tearDown()[pri:0, instance:com.qa.testcases.EmployeePageTest@7f690630]" name="tearDown" is-config="true" duration-ms="686" started-at="2023-06-19T15:17:57Z" finished-at="2023-06-19T15:17:57Z">
          <reporter-output>
          </reporter-output>
        </test-method> <!-- tearDown -->
        <test-method status="PASS" signature="setUp()[pri:0, instance:com.qa.testcases.EmployeePageTest@7f690630]" name="setUp" is-config="true" duration-ms="3562" started-at="2023-06-19T15:17:57Z" finished-at="2023-06-19T15:18:01Z">
          <reporter-output>
          </reporter-output>
        </test-method> <!-- setUp -->
        <test-method status="PASS" signature="saveEmployeeTest(java.lang.String, java.lang.String, java.lang.String, java.lang.String, java.lang.String, java.lang.String, java.lang.String, java.lang.String, java.lang.String, java.lang.String, java.lang.String, java.lang.String)[pri:3, instance:com.qa.testcases.EmployeePageTest@7f690630]" name="saveEmployeeTest" duration-ms="1" started-at="2023-06-19T15:18:01Z" data-provider="getEmployeeData" finished-at="2023-06-19T15:18:01Z">
          <params>
            <param index="0">
              <value>
                <![CDATA[Leslee]]>
              </value>
            </param>
            <param index="1">
              <value>
                <![CDATA[Selenium,BDD]]>
              </value>
            </param>
            <param index="2">
              <value>
                <![CDATA[C:/Users/mygoa/Desktop/java/My_Project/employeerewardsystem/src/main/resources/static/adminResources/image/face7.jpg]]>
              </value>
            </param>
            <param index="3">
              <value>
                <![CDATA[QA]]>
              </value>
            </param>
            <param index="4">
              <value>
                <![CDATA[Male]]>
              </value>
            </param>
            <param index="5">
              <value>
                <![CDATA[Montreal]]>
              </value>
            </param>
            <param index="6">
              <value>
                <![CDATA[Saint Laurent]]>
              </value>
            </param>
            <param index="7">
              <value>
                <![CDATA[Leslee@gmail.com]]>
              </value>
            </param>
            <param index="8">
              <value>
                <![CDATA[6.543234576E9]]>
              </value>
            </param>
            <param index="9">
              <value>
                <![CDATA[1986-03-23]]>
              </value>
            </param>
            <param index="10">
              <value>
                <![CDATA[877554.0]]>
              </value>
            </param>
            <param index="11">
              <value>
                <![CDATA[Martin Grove Road]]>
              </value>
            </param>
          </params>
          <reporter-output>
          </reporter-output>
        </test-method> <!-- saveEmployeeTest -->
        <test-method status="PASS" signature="tearDown()[pri:0, instance:com.qa.testcases.EmployeePageTest@7f690630]" name="tearDown" is-config="true" duration-ms="737" started-at="2023-06-19T15:18:01Z" finished-at="2023-06-19T15:18:02Z">
          <reporter-output>
          </reporter-output>
        </test-method> <!-- tearDown -->
      </class> <!-- com.qa.testcases.EmployeePageTest -->
      <class name="com.qa.testcases.HomePageTest">
        <test-method status="PASS" signature="setUp()[pri:0, instance:com.qa.testcases.HomePageTest@edf4efb]" name="setUp" is-config="true" duration-ms="2707" started-at="2023-06-19T15:16:46Z" finished-at="2023-06-19T15:16:48Z">
          <reporter-output>
          </reporter-output>
        </test-method> <!-- setUp -->
        <test-method status="PASS" signature="homePageTitleTest()[pri:1, instance:com.qa.testcases.HomePageTest@edf4efb]" name="homePageTitleTest" duration-ms="173" started-at="2023-06-19T15:16:48Z" finished-at="2023-06-19T15:16:49Z">
          <reporter-output>
          </reporter-output>
        </test-method> <!-- homePageTitleTest -->
        <test-method status="PASS" signature="tearDown()[pri:0, instance:com.qa.testcases.HomePageTest@edf4efb]" name="tearDown" is-config="true" duration-ms="692" started-at="2023-06-19T15:16:49Z" finished-at="2023-06-19T15:16:49Z">
          <reporter-output>
          </reporter-output>
        </test-method> <!-- tearDown -->
        <test-method status="PASS" signature="setUp()[pri:0, instance:com.qa.testcases.HomePageTest@edf4efb]" name="setUp" is-config="true" duration-ms="3290" started-at="2023-06-19T15:17:13Z" finished-at="2023-06-19T15:17:16Z">
          <reporter-output>
          </reporter-output>
        </test-method> <!-- setUp -->
        <test-method status="PASS" signature="homePageLogoTest()[pri:2, instance:com.qa.testcases.HomePageTest@edf4efb]" name="homePageLogoTest" duration-ms="148" started-at="2023-06-19T15:17:16Z" finished-at="2023-06-19T15:17:16Z">
          <reporter-output>
          </reporter-output>
        </test-method> <!-- homePageLogoTest -->
        <test-method status="PASS" signature="tearDown()[pri:0, instance:com.qa.testcases.HomePageTest@edf4efb]" name="tearDown" is-config="true" duration-ms="705" started-at="2023-06-19T15:17:16Z" finished-at="2023-06-19T15:17:17Z">
          <reporter-output>
          </reporter-output>
        </test-method> <!-- tearDown -->
        <test-method status="PASS" signature="setUp()[pri:0, instance:com.qa.testcases.HomePageTest@edf4efb]" name="setUp" is-config="true" duration-ms="3006" started-at="2023-06-19T15:17:17Z" finished-at="2023-06-19T15:17:20Z">
          <reporter-output>
          </reporter-output>
        </test-method> <!-- setUp -->
        <test-method status="PASS" signature="validateManuListTest()[pri:2, instance:com.qa.testcases.HomePageTest@edf4efb]" name="validateManuListTest" duration-ms="40" started-at="2023-06-19T15:17:20Z" finished-at="2023-06-19T15:17:20Z">
          <reporter-output>
          </reporter-output>
        </test-method> <!-- validateManuListTest -->
        <test-method status="PASS" signature="tearDown()[pri:0, instance:com.qa.testcases.HomePageTest@edf4efb]" name="tearDown" is-config="true" duration-ms="659" started-at="2023-06-19T15:17:20Z" finished-at="2023-06-19T15:17:21Z">
          <reporter-output>
          </reporter-output>
        </test-method> <!-- tearDown -->
        <test-method status="PASS" signature="setUp()[pri:0, instance:com.qa.testcases.HomePageTest@edf4efb]" name="setUp" is-config="true" duration-ms="2958" started-at="2023-06-19T15:17:21Z" finished-at="2023-06-19T15:17:24Z">
          <reporter-output>
          </reporter-output>
        </test-method> <!-- setUp -->
        <test-method status="PASS" signature="validateUserNameTest()[pri:2, instance:com.qa.testcases.HomePageTest@edf4efb]" name="validateUserNameTest" duration-ms="80" started-at="2023-06-19T15:17:24Z" finished-at="2023-06-19T15:17:24Z">
          <reporter-output>
          </reporter-output>
        </test-method> <!-- validateUserNameTest -->
        <test-method status="PASS" signature="tearDown()[pri:0, instance:com.qa.testcases.HomePageTest@edf4efb]" name="tearDown" is-config="true" duration-ms="677" started-at="2023-06-19T15:17:24Z" finished-at="2023-06-19T15:17:25Z">
          <reporter-output>
          </reporter-output>
        </test-method> <!-- tearDown -->
        <test-method status="PASS" signature="setUp()[pri:0, instance:com.qa.testcases.HomePageTest@edf4efb]" name="setUp" is-config="true" duration-ms="2920" started-at="2023-06-19T15:18:02Z" finished-at="2023-06-19T15:18:05Z">
          <reporter-output>
          </reporter-output>
        </test-method> <!-- setUp -->
        <test-method status="PASS" signature="EmployeesLinkTest()[pri:3, instance:com.qa.testcases.HomePageTest@edf4efb]" name="EmployeesLinkTest" duration-ms="533" started-at="2023-06-19T15:18:05Z" finished-at="2023-06-19T15:18:05Z">
          <reporter-output>
          </reporter-output>
        </test-method> <!-- EmployeesLinkTest -->
        <test-method status="PASS" signature="tearDown()[pri:0, instance:com.qa.testcases.HomePageTest@edf4efb]" name="tearDown" is-config="true" duration-ms="705" started-at="2023-06-19T15:18:05Z" finished-at="2023-06-19T15:18:06Z">
          <reporter-output>
          </reporter-output>
        </test-method> <!-- tearDown -->
        <test-method status="PASS" signature="setUp()[pri:0, instance:com.qa.testcases.HomePageTest@edf4efb]" name="setUp" is-config="true" duration-ms="2874" started-at="2023-06-19T15:18:06Z" finished-at="2023-06-19T15:18:09Z">
          <reporter-output>
          </reporter-output>
        </test-method> <!-- setUp -->
        <test-method status="PASS" signature="JobRoleLinkTest()[pri:3, instance:com.qa.testcases.HomePageTest@edf4efb]" name="JobRoleLinkTest" duration-ms="704" started-at="2023-06-19T15:18:09Z" finished-at="2023-06-19T15:18:09Z">
          <reporter-output>
          </reporter-output>
        </test-method> <!-- JobRoleLinkTest -->
        <test-method status="PASS" signature="tearDown()[pri:0, instance:com.qa.testcases.HomePageTest@edf4efb]" name="tearDown" is-config="true" duration-ms="702" started-at="2023-06-19T15:18:09Z" finished-at="2023-06-19T15:18:10Z">
          <reporter-output>
          </reporter-output>
        </test-method> <!-- tearDown -->
        <test-method status="PASS" signature="setUp()[pri:0, instance:com.qa.testcases.HomePageTest@edf4efb]" name="setUp" is-config="true" duration-ms="2888" started-at="2023-06-19T15:18:10Z" finished-at="2023-06-19T15:18:13Z">
          <reporter-output>
          </reporter-output>
        </test-method> <!-- setUp -->
        <test-method status="PASS" signature="RewardLinkTest()[pri:3, instance:com.qa.testcases.HomePageTest@edf4efb]" name="RewardLinkTest" duration-ms="376" started-at="2023-06-19T15:18:13Z" finished-at="2023-06-19T15:18:13Z">
          <reporter-output>
          </reporter-output>
        </test-method> <!-- RewardLinkTest -->
        <test-method status="PASS" signature="tearDown()[pri:0, instance:com.qa.testcases.HomePageTest@edf4efb]" name="tearDown" is-config="true" duration-ms="672" started-at="2023-06-19T15:18:13Z" finished-at="2023-06-19T15:18:14Z">
          <reporter-output>
          </reporter-output>
        </test-method> <!-- tearDown -->
        <test-method status="PASS" signature="setUp()[pri:0, instance:com.qa.testcases.HomePageTest@edf4efb]" name="setUp" is-config="true" duration-ms="3002" started-at="2023-06-19T15:18:14Z" finished-at="2023-06-19T15:18:17Z">
          <reporter-output>
          </reporter-output>
        </test-method> <!-- setUp -->
        <test-method status="PASS" signature="dasbordLinkTest()[pri:3, instance:com.qa.testcases.HomePageTest@edf4efb]" name="dasbordLinkTest" duration-ms="262" started-at="2023-06-19T15:18:17Z" finished-at="2023-06-19T15:18:17Z">
          <reporter-output>
          </reporter-output>
        </test-method> <!-- dasbordLinkTest -->
        <test-method status="PASS" signature="tearDown()[pri:0, instance:com.qa.testcases.HomePageTest@edf4efb]" name="tearDown" is-config="true" duration-ms="747" started-at="2023-06-19T15:18:17Z" finished-at="2023-06-19T15:18:18Z">
          <reporter-output>
          </reporter-output>
        </test-method> <!-- tearDown -->
      </class> <!-- com.qa.testcases.HomePageTest -->
      <class name="com.qa.testcases.LoginPageTest">
        <test-method status="PASS" signature="setUp()[pri:0, instance:com.qa.testcases.LoginPageTest@566776ad]" name="setUp" is-config="true" duration-ms="2070" started-at="2023-06-19T15:16:53Z" finished-at="2023-06-19T15:16:55Z">
          <reporter-output>
          </reporter-output>
        </test-method> <!-- setUp -->
        <test-method status="PASS" signature="loginPageTitleTest()[pri:1, instance:com.qa.testcases.LoginPageTest@566776ad]" name="loginPageTitleTest" duration-ms="8" started-at="2023-06-19T15:16:55Z" finished-at="2023-06-19T15:16:55Z">
          <reporter-output>
          </reporter-output>
        </test-method> <!-- loginPageTitleTest -->
        <test-method status="PASS" signature="tearDown()[pri:0, instance:com.qa.testcases.LoginPageTest@566776ad]" name="tearDown" is-config="true" duration-ms="662" started-at="2023-06-19T15:16:55Z" finished-at="2023-06-19T15:16:56Z">
          <reporter-output>
          </reporter-output>
        </test-method> <!-- tearDown -->
        <test-method status="PASS" signature="setUp()[pri:0, instance:com.qa.testcases.LoginPageTest@566776ad]" name="setUp" is-config="true" duration-ms="2087" started-at="2023-06-19T15:17:37Z" finished-at="2023-06-19T15:17:39Z">
          <reporter-output>
          </reporter-output>
        </test-method> <!-- setUp -->
        <test-method status="PASS" signature="loginPageLogoTest()[pri:2, instance:com.qa.testcases.LoginPageTest@566776ad]" name="loginPageLogoTest" duration-ms="72" started-at="2023-06-19T15:17:39Z" finished-at="2023-06-19T15:17:39Z">
          <reporter-output>
          </reporter-output>
        </test-method> <!-- loginPageLogoTest -->
        <test-method status="PASS" signature="tearDown()[pri:0, instance:com.qa.testcases.LoginPageTest@566776ad]" name="tearDown" is-config="true" duration-ms="706" started-at="2023-06-19T15:17:39Z" finished-at="2023-06-19T15:17:40Z">
          <reporter-output>
          </reporter-output>
        </test-method> <!-- tearDown -->
        <test-method status="PASS" signature="setUp()[pri:0, instance:com.qa.testcases.LoginPageTest@566776ad]" name="setUp" is-config="true" duration-ms="2075" started-at="2023-06-19T15:18:23Z" finished-at="2023-06-19T15:18:26Z">
          <reporter-output>
          </reporter-output>
        </test-method> <!-- setUp -->
        <test-method status="PASS" signature="loginTest()[pri:3, instance:com.qa.testcases.LoginPageTest@566776ad]" name="loginTest" duration-ms="674" started-at="2023-06-19T15:18:26Z" finished-at="2023-06-19T15:18:26Z">
          <reporter-output>
          </reporter-output>
        </test-method> <!-- loginTest -->
        <test-method status="PASS" signature="tearDown()[pri:0, instance:com.qa.testcases.LoginPageTest@566776ad]" name="tearDown" is-config="true" duration-ms="717" started-at="2023-06-19T15:18:26Z" finished-at="2023-06-19T15:18:27Z">
          <reporter-output>
          </reporter-output>
        </test-method> <!-- tearDown -->
      </class> <!-- com.qa.testcases.LoginPageTest -->
      <class name="com.qa.testcases.RewardPageTest">
        <test-method status="PASS" signature="setUp()[pri:0, instance:com.qa.testcases.RewardPageTest@6108b2d7]" name="setUp" is-config="true" duration-ms="3233" started-at="2023-06-19T15:16:56Z" finished-at="2023-06-19T15:16:59Z">
          <reporter-output>
          </reporter-output>
        </test-method> <!-- setUp -->
        <test-method status="PASS" signature="rewardPageTitleTest()[pri:1, instance:com.qa.testcases.RewardPageTest@6108b2d7]" name="rewardPageTitleTest" duration-ms="8" started-at="2023-06-19T15:16:59Z" finished-at="2023-06-19T15:16:59Z">
          <reporter-output>
          </reporter-output>
        </test-method> <!-- rewardPageTitleTest -->
        <test-method status="PASS" signature="tearDown()[pri:0, instance:com.qa.testcases.RewardPageTest@6108b2d7]" name="tearDown" is-config="true" duration-ms="682" started-at="2023-06-19T15:16:59Z" finished-at="2023-06-19T15:17:00Z">
          <reporter-output>
          </reporter-output>
        </test-method> <!-- tearDown -->
        <test-method status="PASS" signature="setUp()[pri:0, instance:com.qa.testcases.RewardPageTest@6108b2d7]" name="setUp" is-config="true" duration-ms="3332" started-at="2023-06-19T15:17:40Z" finished-at="2023-06-19T15:17:43Z">
          <reporter-output>
          </reporter-output>
        </test-method> <!-- setUp -->
        <test-method status="PASS" signature="rewardPageLableTest()[pri:2, instance:com.qa.testcases.RewardPageTest@6108b2d7]" name="rewardPageLableTest" duration-ms="49" started-at="2023-06-19T15:17:43Z" finished-at="2023-06-19T15:17:43Z">
          <reporter-output>
          </reporter-output>
        </test-method> <!-- rewardPageLableTest -->
        <test-method status="PASS" signature="tearDown()[pri:0, instance:com.qa.testcases.RewardPageTest@6108b2d7]" name="tearDown" is-config="true" duration-ms="692" started-at="2023-06-19T15:17:43Z" finished-at="2023-06-19T15:17:44Z">
          <reporter-output>
          </reporter-output>
        </test-method> <!-- tearDown -->
        <test-method status="PASS" signature="setUp()[pri:0, instance:com.qa.testcases.RewardPageTest@6108b2d7]" name="setUp" is-config="true" duration-ms="3273" started-at="2023-06-19T15:17:44Z" finished-at="2023-06-19T15:17:47Z">
          <reporter-output>
          </reporter-output>
        </test-method> <!-- setUp -->
        <test-method status="PASS" signature="rewardPageLogoTest()[pri:2, instance:com.qa.testcases.RewardPageTest@6108b2d7]" name="rewardPageLogoTest" duration-ms="112" started-at="2023-06-19T15:17:47Z" finished-at="2023-06-19T15:17:47Z">
          <reporter-output>
          </reporter-output>
        </test-method> <!-- rewardPageLogoTest -->
        <test-method status="PASS" signature="tearDown()[pri:0, instance:com.qa.testcases.RewardPageTest@6108b2d7]" name="tearDown" is-config="true" duration-ms="736" started-at="2023-06-19T15:17:47Z" finished-at="2023-06-19T15:17:48Z">
          <reporter-output>
          </reporter-output>
        </test-method> <!-- tearDown -->
        <test-method status="PASS" signature="setUp()[pri:0, instance:com.qa.testcases.RewardPageTest@6108b2d7]" name="setUp" is-config="true" duration-ms="3366" started-at="2023-06-19T15:18:27Z" finished-at="2023-06-19T15:18:30Z">
          <reporter-output>
          </reporter-output>
        </test-method> <!-- setUp -->
        <test-method status="PASS" signature="validateManuListTest()[pri:3, instance:com.qa.testcases.RewardPageTest@6108b2d7]" name="validateManuListTest" duration-ms="35" started-at="2023-06-19T15:18:30Z" finished-at="2023-06-19T15:18:30Z">
          <reporter-output>
          </reporter-output>
        </test-method> <!-- validateManuListTest -->
        <test-method status="PASS" signature="tearDown()[pri:0, instance:com.qa.testcases.RewardPageTest@6108b2d7]" name="tearDown" is-config="true" duration-ms="700" started-at="2023-06-19T15:18:30Z" finished-at="2023-06-19T15:18:31Z">
          <reporter-output>
          </reporter-output>
        </test-method> <!-- tearDown -->
      </class> <!-- com.qa.testcases.RewardPageTest -->
    </test> <!-- Command line test -->
  </suite> <!-- Command line suite -->
</testng-results>
