<?xml version="1.0" encoding="UTF-8"?>
<testng-results skipped="0" failed="0" total="5" passed="5">
  <reporter-output>
  </reporter-output>
  <suite name="Default suite" duration-ms="17570" started-at="2023-06-23T21:00:12Z" finished-at="2023-06-23T21:00:29Z">
    <groups>
    </groups>
    <test name="Default test" duration-ms="17570" started-at="2023-06-23T21:00:12Z" finished-at="2023-06-23T21:00:29Z">
      <class name="com.qa.testcases.EventPageTest">
        <test-method status="PASS" signature="setUp()[pri:0, instance:com.qa.testcases.EventPageTest@4590c9c3]" name="setUp" is-config="true" duration-ms="3062" started-at="2023-06-23T17:00:12Z" finished-at="2023-06-23T17:00:15Z">
          <reporter-output>
          </reporter-output>
        </test-method> <!-- setUp -->
        <test-method status="PASS" signature="eventPageTitleTest()[pri:1, instance:com.qa.testcases.EventPageTest@4590c9c3]" name="eventPageTitleTest" duration-ms="20" started-at="2023-06-23T17:00:15Z" finished-at="2023-06-23T17:00:15Z">
          <reporter-output>
          </reporter-output>
        </test-method> <!-- eventPageTitleTest -->
        <test-method status="PASS" signature="tearDown()[pri:0, instance:com.qa.testcases.EventPageTest@4590c9c3]" name="tearDown" is-config="true" duration-ms="630" started-at="2023-06-23T17:00:15Z" finished-at="2023-06-23T17:00:16Z">
          <reporter-output>
          </reporter-output>
        </test-method> <!-- tearDown -->
        <test-method status="PASS" signature="setUp()[pri:0, instance:com.qa.testcases.EventPageTest@4590c9c3]" name="setUp" is-config="true" duration-ms="2185" started-at="2023-06-23T17:00:16Z" finished-at="2023-06-23T17:00:18Z">
          <reporter-output>
          </reporter-output>
        </test-method> <!-- setUp -->
        <test-method status="PASS" signature="eventPageLableTest()[pri:2, instance:com.qa.testcases.EventPageTest@4590c9c3]" name="eventPageLableTest" duration-ms="38" started-at="2023-06-23T17:00:18Z" finished-at="2023-06-23T17:00:18Z">
          <reporter-output>
          </reporter-output>
        </test-method> <!-- eventPageLableTest -->
        <test-method status="PASS" signature="tearDown()[pri:0, instance:com.qa.testcases.EventPageTest@4590c9c3]" name="tearDown" is-config="true" duration-ms="632" started-at="2023-06-23T17:00:18Z" finished-at="2023-06-23T17:00:18Z">
          <reporter-output>
          </reporter-output>
        </test-method> <!-- tearDown -->
        <test-method status="PASS" signature="setUp()[pri:0, instance:com.qa.testcases.EventPageTest@4590c9c3]" name="setUp" is-config="true" duration-ms="2182" started-at="2023-06-23T17:00:18Z" finished-at="2023-06-23T17:00:21Z">
          <reporter-output>
          </reporter-output>
        </test-method> <!-- setUp -->
        <test-method status="PASS" signature="eventPageLogoTest()[pri:2, instance:com.qa.testcases.EventPageTest@4590c9c3]" name="eventPageLogoTest" duration-ms="99" started-at="2023-06-23T17:00:21Z" finished-at="2023-06-23T17:00:21Z">
          <reporter-output>
          </reporter-output>
        </test-method> <!-- eventPageLogoTest -->
        <test-method status="PASS" signature="tearDown()[pri:0, instance:com.qa.testcases.EventPageTest@4590c9c3]" name="tearDown" is-config="true" duration-ms="601" started-at="2023-06-23T17:00:21Z" finished-at="2023-06-23T17:00:21Z">
          <reporter-output>
          </reporter-output>
        </test-method> <!-- tearDown -->
        <test-method status="PASS" signature="setUp()[pri:0, instance:com.qa.testcases.EventPageTest@4590c9c3]" name="setUp" is-config="true" duration-ms="2209" started-at="2023-06-23T17:00:21Z" finished-at="2023-06-23T17:00:24Z">
          <reporter-output>
          </reporter-output>
        </test-method> <!-- setUp -->
        <test-method status="PASS" signature="validateManuListTest()[pri:2, instance:com.qa.testcases.EventPageTest@4590c9c3]" name="validateManuListTest" duration-ms="24" started-at="2023-06-23T17:00:24Z" finished-at="2023-06-23T17:00:24Z">
          <reporter-output>
          </reporter-output>
        </test-method> <!-- validateManuListTest -->
        <test-method status="PASS" signature="tearDown()[pri:0, instance:com.qa.testcases.EventPageTest@4590c9c3]" name="tearDown" is-config="true" duration-ms="636" started-at="2023-06-23T17:00:24Z" finished-at="2023-06-23T17:00:24Z">
          <reporter-output>
          </reporter-output>
        </test-method> <!-- tearDown -->
        <test-method status="PASS" signature="setUp()[pri:0, instance:com.qa.testcases.EventPageTest@4590c9c3]" name="setUp" is-config="true" duration-ms="2223" started-at="2023-06-23T17:00:24Z" finished-at="2023-06-23T17:00:26Z">
          <reporter-output>
          </reporter-output>
        </test-method> <!-- setUp -->
        <test-method status="PASS" signature="saveEventTest()[pri:3, instance:com.qa.testcases.EventPageTest@4590c9c3]" name="saveEventTest" duration-ms="2314" started-at="2023-06-23T17:00:26Z" finished-at="2023-06-23T17:00:29Z">
          <reporter-output>
          </reporter-output>
        </test-method> <!-- saveEventTest -->
        <test-method status="PASS" signature="tearDown()[pri:0, instance:com.qa.testcases.EventPageTest@4590c9c3]" name="tearDown" is-config="true" duration-ms="702" started-at="2023-06-23T17:00:29Z" finished-at="2023-06-23T17:00:29Z">
          <reporter-output>
          </reporter-output>
        </test-method> <!-- tearDown -->
      </class> <!-- com.qa.testcases.EventPageTest -->
    </test> <!-- Default test -->
  </suite> <!-- Default suite -->
</testng-results>
