<?xml version="1.0" encoding="UTF-8"?>
<testng-results skipped="0" failed="0" total="3" passed="3">
  <reporter-output>
  </reporter-output>
  <suite name="Default suite" duration-ms="10115" started-at="2023-06-19T19:26:57Z" finished-at="2023-06-19T19:27:07Z">
    <groups>
    </groups>
    <test name="Default test" duration-ms="10115" started-at="2023-06-19T19:26:57Z" finished-at="2023-06-19T19:27:07Z">
      <class name="com.qa.testcases.LoginPageTest">
        <test-method status="PASS" signature="setUp()[pri:0, instance:com.qa.testcases.LoginPageTest@4590c9c3]" name="setUp" is-config="true" duration-ms="2957" started-at="2023-06-19T15:26:57Z" finished-at="2023-06-19T15:27:00Z">
          <reporter-output>
          </reporter-output>
        </test-method> <!-- setUp -->
        <test-method status="PASS" signature="loginPageTitleTest()[pri:1, instance:com.qa.testcases.LoginPageTest@4590c9c3]" name="loginPageTitleTest" duration-ms="17" started-at="2023-06-19T15:27:00Z" finished-at="2023-06-19T15:27:00Z">
          <reporter-output>
          </reporter-output>
        </test-method> <!-- loginPageTitleTest -->
        <test-method status="PASS" signature="tearDown()[pri:0, instance:com.qa.testcases.LoginPageTest@4590c9c3]" name="tearDown" is-config="true" duration-ms="723" started-at="2023-06-19T15:27:00Z" finished-at="2023-06-19T15:27:01Z">
          <reporter-output>
          </reporter-output>
        </test-method> <!-- tearDown -->
        <test-method status="PASS" signature="setUp()[pri:0, instance:com.qa.testcases.LoginPageTest@4590c9c3]" name="setUp" is-config="true" duration-ms="1997" started-at="2023-06-19T15:27:01Z" finished-at="2023-06-19T15:27:03Z">
          <reporter-output>
          </reporter-output>
        </test-method> <!-- setUp -->
        <test-method status="PASS" signature="loginPageLogoTest()[pri:2, instance:com.qa.testcases.LoginPageTest@4590c9c3]" name="loginPageLogoTest" duration-ms="154" started-at="2023-06-19T15:27:03Z" finished-at="2023-06-19T15:27:03Z">
          <reporter-output>
          </reporter-output>
        </test-method> <!-- loginPageLogoTest -->
        <test-method status="PASS" signature="tearDown()[pri:0, instance:com.qa.testcases.LoginPageTest@4590c9c3]" name="tearDown" is-config="true" duration-ms="748" started-at="2023-06-19T15:27:03Z" finished-at="2023-06-19T15:27:04Z">
          <reporter-output>
          </reporter-output>
        </test-method> <!-- tearDown -->
        <test-method status="PASS" signature="setUp()[pri:0, instance:com.qa.testcases.LoginPageTest@4590c9c3]" name="setUp" is-config="true" duration-ms="2077" started-at="2023-06-19T15:27:04Z" finished-at="2023-06-19T15:27:06Z">
          <reporter-output>
          </reporter-output>
        </test-method> <!-- setUp -->
        <test-method status="PASS" signature="loginTest()[pri:3, instance:com.qa.testcases.LoginPageTest@4590c9c3]" name="loginTest" duration-ms="682" started-at="2023-06-19T15:27:06Z" finished-at="2023-06-19T15:27:07Z">
          <reporter-output>
          </reporter-output>
        </test-method> <!-- loginTest -->
        <test-method status="PASS" signature="tearDown()[pri:0, instance:com.qa.testcases.LoginPageTest@4590c9c3]" name="tearDown" is-config="true" duration-ms="743" started-at="2023-06-19T15:27:07Z" finished-at="2023-06-19T15:27:07Z">
          <reporter-output>
          </reporter-output>
        </test-method> <!-- tearDown -->
      </class> <!-- com.qa.testcases.LoginPageTest -->
    </test> <!-- Default test -->
  </suite> <!-- Default suite -->
</testng-results>
